Build started 16.07.2015 16:14:31.
     1>Project "C:\Users\xxvs0026\documents\visual studio 2013\Projects\WordPaths\WordPaths\WordPaths.vcxproj" on node 2 (Build target(s)).
     1>ClCompile:
         C:\Program Files (x86)\Microsoft Visual Studio 12.0\VC\bin\CL.exe /c /Zi /nologo /W3 /WX- /sdl /O2 /Oi /Oy- /GL /D WIN32 /D NDEBUG /D _CONSOLE /D _LIB /D _UNICODE /D UNICODE /Gm- /EHsc /MD /GS /Gy /fp:precise /Zc:wchar_t /Zc:forScope /Yu"stdafx.h" /Fp"Release\WordPaths.pch" /Fo"Release\\" /Fd"Release\vc120.pdb" /Gd /TP /analyze- /errorReport:prompt Node.cpp WordPaths.cpp functions.cpp
         Node.cpp
         WordPaths.cpp
         functions.cpp
     1>functions.cpp(33): warning C4018: '<' : signed/unsigned mismatch
     1>functions.cpp(49): warning C4018: '<' : signed/unsigned mismatch
       Link:
         C:\Program Files (x86)\Microsoft Visual Studio 12.0\VC\bin\link.exe /ERRORREPORT:PROMPT /OUT:"C:\Users\xxvs0026\documents\visual studio 2013\Projects\WordPaths\Release\WordPaths.exe" /INCREMENTAL:NO /NOLOGO kernel32.lib user32.lib gdi32.lib winspool.lib comdlg32.lib advapi32.lib shell32.lib ole32.lib oleaut32.lib uuid.lib odbc32.lib odbccp32.lib /MANIFEST /MANIFESTUAC:"level='asInvoker' uiAccess='false'" /manifest:embed /DEBUG /PDB:"C:\Users\xxvs0026\documents\visual studio 2013\Projects\WordPaths\Release\WordPaths.pdb" /SUBSYSTEM:CONSOLE /OPT:REF /OPT:ICF /LTCG /TLBID:1 /DYNAMICBASE /NXCOMPAT /IMPLIB:"C:\Users\xxvs0026\documents\visual studio 2013\Projects\WordPaths\Release\WordPaths.lib" /MACHINE:X86 /SAFESEH Release\functions.obj
         Release\Node.obj
         Release\stdafx.obj
         Release\WordPaths.obj
         Generating code
         Finished generating code
         WordPaths.vcxproj -> C:\Users\xxvs0026\documents\visual studio 2013\Projects\WordPaths\Release\WordPaths.exe
     1>Done Building Project "C:\Users\xxvs0026\documents\visual studio 2013\Projects\WordPaths\WordPaths\WordPaths.vcxproj" (Build target(s)).

Build succeeded.

Time Elapsed 00:00:01.64
